<?xml version="1.0" encoding="UTF-8"?>
<!-- Generated by org.testng.reporters.JUnitXMLReporter -->
<testsuite ignored="0" hostname="DESKTOP-H3HSDQB" failures="0" tests="5" name="ApiTests ProductEnd2EndFlow" time="5.193" errors="0" timestamp="2023-08-06T12:53:47 IST">
  <testcase classname="api.com.core.BaseTest" name="@AfterMethod getResult" time="0.003">
    <failure type="java.lang.NullPointerException" message="Cannot invoke &amp;quot;com.relevantcodes.extentreports.ExtentTest.log(com.relevantcodes.extentreports.LogStatus, String)&amp;quot; because &amp;quot;api.com.util.ExtentReport.extentlog&amp;quot; is null">
      <![CDATA[java.lang.NullPointerException: Cannot invoke "com.relevantcodes.extentreports.ExtentTest.log(com.relevantcodes.extentreports.LogStatus, String)" because "api.com.util.ExtentReport.extentlog" is null
at api.com.core.BaseTest.getResult(BaseTest.java:41)
at java.base/java.util.ArrayList.forEach(ArrayList.java:1511)
... Removed 32 stack frames]]>
    </failure>
  </testcase> <!-- @AfterMethod getResult -->
  <testcase classname="api.com.tests.E2ETests" name="loginApp" time="5.014"/>
  <testcase classname="api.com.tests.E2ETests" name="createProduct" time="0.0">
    <skipped/>
  </testcase> <!-- createProduct -->
  <testcase classname="api.com.tests.E2ETests" name="createOrder" time="0.0">
    <skipped/>
  </testcase> <!-- createOrder -->
  <testcase classname="api.com.tests.E2ETests" name="deleteOrder" time="0.0">
    <skipped/>
  </testcase> <!-- deleteOrder -->
  <testcase classname="api.com.tests.E2ETests" name="getOrderdetails" time="0.0">
    <skipped/>
  </testcase> <!-- getOrderdetails -->
</testsuite> <!-- ApiTests ProductEnd2EndFlow -->
